Request method:	GET
Request URI:	https://world.openpetfoodfacts.org/api/v0/product/20106836.json
Proxy:			<none>
Request params:	<none>
Query params:	<none>
Form params:	<none>
Path params:	<none>
Headers:		Accept=*/*
Cookies:		<none>
Multiparts:		<none>
Body:			<none>
HTTP/1.1 200 OK
Server: nginx/1.10.3
Date: Wed, 16 Nov 2022 03:19:23 GMT
Content-Type: application/json; charset=utf-8
Transfer-Encoding: chunked
Connection: keep-alive
Access-control-allow-origin: *
X-Frame-Options: DENY
X-Content-Type-Options: nosniff
X-Download-Options: noopen
X-XSS-Protection: 1; mode=block
X-Request-ID: OJ3FLEdOjwxNZ1FC
Strict-Transport-Security: max-age=63072000; includeSubdomains
X-Content-Type-Options: nosniff
Content-Encoding: gzip

{
    "code": "20106836",
    "product": {
        "ingredients_from_palm_oil_n": 0,
        "unknown_ingredients_n": 22,
        "pnns_groups_1_tags": [
            "unknown"
        ],
        "_keywords": [
            "nourriture",
            "veau",
            "complet",
            "adulte",
            "et",
            "pour",
            "la",
            "chien",
            "ragout",
            "aliment",
            "dinde",
            "legume",
            "aux",
            "au",
            "patee",
            "orlando"
        ],
        "languages_hierarchy": [
            "en:french"
        ],
        "cities_tags": [
            
        ],
        "ingredients_n": "8",
        "allergens_tags": [
            "en:fish"
        ],
        "traces_lc": "fr",
        "allergens": "",
        "additives_old_n": 0,
        "languages": {
            "en:french": 6
        },
        "creator": "jeanbono",
        "ingredients": [
            {
                "id": "fr:Viande et sous-produits animaux",
                "rank": 1,
                "text": "Viande et sous-produits animaux"
            },
            {
                "id": "fr:légumes",
                "rank": 2,
                "text": "légumes"
            },
            {
                "text": "carottes et petits pois",
                "rank": 3,
                "id": "fr:carottes et petits pois",
                "percent": "4"
            },
            {
                "id": "fr:substances minérales",
                "text": "substances minérales",
                "rank": 4
            },
            {
                "id": "fr:poisson et sous-produit de poisson",
                "rank": 5,
                "text": "poisson et sous-produit de poisson"
            },
            {
                "id": "fr:sucre",
                "text": "sucre",
                "rank": 6
            },
            {
                "percent": "4",
                "id": "fr:veau",
                "text": "veau"
            },
            {
                "text": "dinde",
                "percent": "4",
                "id": "fr:dinde"
            }
        ],
        "countries": "France",
        "nova_groups_tags": [
            "en:1"
        ],
        "pnns_groups_2": "unknown",
        "packaging_tags": [
            "barquette"
        ],
        "quantity_debug_tags": [
            
        ],
        "debug_param_sorted_langs": [
            "fr"
        ],
        "additives": " [ viande-et-sous-produits-animaux -> fr:viande-et-sous-produits-animaux  ]  [ viande-et-sous-produits -> fr:viande-et-sous-produits  ]  [ viande-et-sous -> fr:viande-et-sous  ]  [ viande-et -> fr:viande-et  ]  [ viande -> fr:viande  ]  [ 4-veau -> fr:4-veau  ]  [ 4 -> en:fd-c  ]  [ 4-dinde -> fr:4-dinde  ]  [ 4 -> en:fd-c  ]  [ legumes -> fr:legumes  ]  [ 4-carottes-et-petits-pois -> fr:4-carottes-et-petits-pois  ]  [ 4-carottes-et-petits -> fr:4-carottes-et-petits  ]  [ 4-carottes-et -> fr:4-carottes-et  ]  [ 4-carottes -> fr:4-carottes  ]  [ 4 -> en:fd-c  ]  [ substances-minerales -> fr:substances-minerales  ]  [ substances -> fr:substances  ]  [ poisson-et-sous-produit-de-poisson -> fr:poisson-et-sous-produit-de-poisson  ]  [ poisson-et-sous-produit-de -> fr:poisson-et-sous-produit-de  ]  [ poisson-et-sous-produit -> fr:poisson-et-sous-produit  ]  [ poisson-et-sous -> fr:poisson-et-sous  ]  [ poisson-et -> fr:poisson-et  ]  [ poisson -> fr:poisson  ]  [ sucre -> fr:sucre  ] ",
        "ingredients_debug": [
            "Viande et sous-produits animaux ",
            "(",
            "(",
            null,
            null,
            "4% veau",
            ",",
            null,
            null,
            null,
            " 4% dinde)",
            ",",
            null,
            null,
            null,
            " légumes ",
            "(",
            "(",
            null,
            null,
            "4% carottes et petits pois)",
            ",",
            null,
            null,
            null,
            " substances minérales",
            ",",
            null,
            null,
            null,
            " poisson et sous-produit de poisson",
            ",",
            null,
            null,
            null,
            " sucre."
        ],
        "brands_tags": [
            "orlando"
        ],
        "stores": "Lidl",
        "purchase_places_tags": [
            "france"
        ],
        "nutrition_score_debug": "missing energy",
        "categories_hierarchy": [
            "en:pet-food",
            "en:dog-food",
            "en:wet-pet-food",
            "en:wet-dog-food"
        ],
        "expiration_date": "",
        "ingredients_from_or_that_may_be_from_palm_oil_n": 0,
        "categories_prev_hierarchy": [
            "en:pet-food",
            "en:dog-food",
            "fr:Pâtées pour chiens"
        ],
        "manufacturing_places_tags": [
            
        ],
        "ingredients_that_may_be_from_palm_oil_tags": [
            
        ],
        "serving_size_debug_tags": [
            
        ],
        "correctors_tags": [
            "teolemon",
            "jeanbono",
            "aleene",
            "psine"
        ],
        "ingredients_text_fr_debug_tags": [
            
        ],
        "link": "",
        "states_tags": [
            "en:to-be-checked",
            "en:complete",
            "en:nutrition-facts-completed",
            "en:ingredients-completed",
            "en:expiration-date-to-be-completed",
            "en:packaging-code-to-be-completed",
            "en:characteristics-completed",
            "en:categories-completed",
            "en:brands-completed",
            "en:packaging-completed",
            "en:quantity-completed",
            "en:product-name-completed",
            "en:photos-validated",
            "en:photos-uploaded"
        ],
        "languages_codes": {
            "fr": 6
        },
        "emb_codes_debug_tags": [
            
        ],
        "_id": "20106836",
        "traces_from_user": "(fr)",
        "labels_prev_tags": [
            
        ],
        "states_hierarchy": [
            "en:to-be-checked",
            "en:complete",
            "en:nutrition-facts-completed",
            "en:ingredients-completed",
            "en:expiration-date-to-be-completed",
            "en:packaging-code-to-be-completed",
            "en:characteristics-completed",
            "en:categories-completed",
            "en:brands-completed",
            "en:packaging-completed",
            "en:quantity-completed",
            "en:product-name-completed",
            "en:photos-validated",
            "en:photos-uploaded"
        ],
        "countries_hierarchy": [
            "en:france"
        ],
        "complete": 1,
        "allergens_lc": "fr",
        "misc_tags": [
            "en:nutriscore-not-computed",
            "en:nutrition-not-enough-data-to-compute-nutrition-score",
            "en:nutrition-no-saturated-fat"
        ],
        "countries_debug_tags": [
            
        ],
        "image_front_small_url": "https://static.openpetfoodfacts.org/images/products/20106836/front_fr.5.200.jpg",
        "generic_name": "Aliment complet pour chien adulte",
        "completed_t": 1431876748,
        "traces": "",
        "pnns_groups_1": "unknown",
        "stores_debug_tags": [
            
        ],
        "informers_tags": [
            "jeanbono",
            "teolemon",
            "aleene"
        ],
        "link_debug_tags": [
            
        ],
        "emb_codes_tags": [
            
        ],
        "amino_acids_prev_tags": [
            
        ],
        "origins_debug_tags": [
            
        ],
        "nutriments": {
            "proteins_100g": "10",
            "proteins": "10",
            "ash": "2",
            "fibre_label": "Fibre",
            "nova-group_serving": "1",
            "ash_label": "Ash",
            "ash_serving": "6",
            "fat_unit": "g",
            "ash_100g": "2",
            "proteins_value": "10",
            "humidity_value": "83",
            "humidity_unit": "g",
            "fibre": 0.4,
            "proteins_serving": "30",
            "fat_value": "3.5",
            "fat_serving": 10.5,
            "fat_100g": 3.5,
            "fibre_100g": 0.4,
            "humidity_100g": "83",
            "fibre_unit": "g",
            "proteins_unit": "g",
            "ash_unit": "g",
            "ash_value": "2.0",
            "humidity_serving": "249",
            "fat": 3.5,
            "humidity": "83",
            "nova-group_100g": "1",
            "humidity_label": "Humidity ",
            "nova-group": "1",
            "fibre_serving": 1.2,
            "fibre_value": "0.4"
        },
        "allergens_from_ingredients": "poisson",
        "stores_tags": [
            "lidl"
        ],
        "ingredients_hierarchy": [
            "fr:Viande et sous-produits animaux",
            "",
            " ",
            "fr:légumes",
            "",
            " ",
            "fr:carottes et petits pois",
            "",
            " ",
            "fr:substances minérales",
            "",
            " ",
            "fr:poisson et sous-produit de poisson",
            "",
            " ",
            "fr:sucre",
            "",
            " ",
            "fr:veau",
            "",
            " ",
            "fr:dinde"
        ],
        "unknown_nutrients_tags": [
            "fibre",
            "ash",
            "humidity"
        ],
        "labels_tags": [
            
        ],
        "ingredients_text_with_allergens_fr": "Viande et sous-produits animaux (4% veau, 4% dinde), légumes (4% carottes et petits pois), substances minérales, <span class=\"allergen\">poisson</span> et sous-produit de poisson, sucre.",
        "quality_tags": [
            "ingredients-unknown-score-above-30",
            "ingredients-100-percent-unknown",
            "no-nutrition-data"
        ],
        "origins_tags": [
            
        ],
        "product_name_fr_debug_tags": [
            
        ],
        "new_additives_n": 0,
        "allergens_hierarchy": [
            "en:fish"
        ],
        "code": "20106836",
        "generic_name_fr_debug_tags": [
            
        ],
        "categories_tags": [
            "en:pet-food",
            "en:dog-food",
            "en:wet-pet-food",
            "en:wet-dog-food"
        ],
        "image_front_thumb_url": "https://static.openpetfoodfacts.org/images/products/20106836/front_fr.5.100.jpg",
        "ingredients_ids_debug": [
            "viande-et-sous-produits-animaux",
            "4-veau",
            "4-dinde",
            "legumes",
            "4-carottes-et-petits-pois",
            "substances-minerales",
            "poisson-et-sous-produit-de-poisson",
            "sucre"
        ],
        "vitamins_tags": [
            
        ],
        "labels": "",
        "last_image_dates_tags": [
            "2017-03-31",
            "2017-03",
            "2017"
        ],
        "expiration_date_debug_tags": [
            
        ],
        "generic_name_fr": "Aliment complet pour chien adulte",
        "traces_debug_tags": [
            
        ],
        "ingredients_text_fr": "Viande et sous-produits animaux (4% veau, 4% dinde), légumes (4% carottes et petits pois), substances minérales, poisson et sous-produit de poisson, sucre.",
        "nutrition_data_prepared": "",
        "lang": "fr",
        "ingredients_from_palm_oil_tags": [
            
        ],
        "additives_n": 0,
        "nutrient_levels_tags": [
            "en:fat-in-moderate-quantity"
        ],
        "purchase_places": "France",
        "additives_original_tags": [
            
        ],
        "ingredients_tags": [
            "fr:viande-et-sous-produits-animaux",
            "",
            "",
            "fr:legumes",
            "",
            "",
            "fr:carottes-et-petits-pois",
            "",
            "",
            "fr:substances-minerales",
            "",
            "",
            "fr:poisson-et-sous-produit-de-poisson",
            "",
            "",
            "fr:sucre",
            "",
            "",
            "fr:veau",
            "",
            "",
            "fr:dinde"
        ],
        "emb_codes_20141016": "",
        "brands": "Orlando",
        "emb_codes_orig": "",
        "languages_tags": [
            "en:french",
            "en:1"
        ],
        "manufacturing_places_debug_tags": [
            
        ],
        "minerals_prev_tags": [
            
        ],
        "labels_hierarchy": [
            
        ],
        "pnns_groups_2_tags": [
            "unknown"
        ],
        "id": "20106836",
        "image_nutrition_small_url": "https://static.openpetfoodfacts.org/images/products/20106836/nutrition_fr.8.200.jpg",
        "entry_dates_tags": [
            "2015-05-16",
            "2015-05",
            "2015"
        ],
        "product_name": "Ragoût au veau, à la dinde et aux légumes",
        "additives_prev_tags": [
            
        ],
        "quantity": "300 g",
        "rev": 12,
        "ingredients_text_with_allergens": "Viande et sous-produits animaux (4% veau, 4% dinde), légumes (4% carottes et petits pois), substances minérales, <span class=\"allergen\">poisson</span> et sous-produit de poisson, sucre.",
        "image_nutrition_thumb_url": "https://static.openpetfoodfacts.org/images/products/20106836/nutrition_fr.8.100.jpg",
        "labels_prev_hierarchy": [
            
        ],
        "photographers_tags": [
            "jeanbono"
        ],
        "product_name_fr": "Ragoût au veau, à la dinde et aux légumes",
        "nucleotides_tags": [
            
        ],
        "nutrition_data_per_debug_tags": [
            
        ],
        "ingredients_n_tags": [
            "8",
            "1-10"
        ],
        "categories_prev_tags": [
            "en:pet-food",
            "en:dog-food",
            "fr:patees-pour-chiens"
        ],
        "images": {
            "nutrition_fr": {
                "rev": "8",
                "white_magic": "false",
                "imgid": "2",
                "sizes": {
                    "400": {
                        "h": 175,
                        "w": 400
                    },
                    "100": {
                        "h": 44,
                        "w": 100
                    },
                    "200": {
                        "h": 88,
                        "w": 200
                    },
                    "full": {
                        "h": 425,
                        "w": 971
                    }
                },
                "geometry": "971x425-1130-1120",
                "normalize": "false"
            },
            "ingredients_fr": {
                "sizes": {
                    "200": {
                        "w": 200,
                        "h": 57
                    },
                    "full": {
                        "h": 285,
                        "w": 1004
                    },
                    "400": {
                        "h": 114,
                        "w": 400
                    },
                    "100": {
                        "h": 28,
                        "w": 100
                    }
                },
                "imgid": "2",
                "normalize": "false",
                "geometry": "1004x285-1113-1536",
                "white_magic": "false",
                "rev": "7"
            },
            "1": {
                "uploaded_t": 1431769157,
                "uploader": "jeanbono",
                "sizes": {
                    "full": {
                        "h": 3264,
                        "w": 2448
                    },
                    "100": {
                        "w": 75,
                        "h": 100
                    },
                    "400": {
                        "w": 300,
                        "h": 400
                    }
                }
            },
            "2": {
                "uploader": "jeanbono",
                "sizes": {
                    "full": {
                        "w": 2448,
                        "h": 3264
                    },
                    "100": {
                        "h": 100,
                        "w": 75
                    },
                    "400": {
                        "h": 400,
                        "w": 300
                    }
                },
                "uploaded_t": 1431769168
            },
            "nutrition": {
                "rev": "8",
                "white_magic": "false",
                "imgid": "2",
                "sizes": {
                    "400": {
                        "h": 175,
                        "w": 400
                    },
                    "100": {
                        "h": 44,
                        "w": 100
                    },
                    "200": {
                        "h": 88,
                        "w": 200
                    },
                    "full": {
                        "h": 425,
                        "w": 971
                    }
                },
                "geometry": "971x425-1130-1120",
                "normalize": "false"
            },
            "front": {
                "white_magic": "false",
                "rev": "5",
                "normalize": "false",
                "geometry": "2080x2081-620-218",
                "imgid": "1",
                "sizes": {
                    "200": {
                        "w": 200,
                        "h": 200
                    },
                    "full": {
                        "h": 2081,
                        "w": 2080
                    },
                    "400": {
                        "w": 400,
                        "h": 400
                    },
                    "100": {
                        "h": 100,
                        "w": 100
                    }
                }
            },
            "ingredients": {
                "sizes": {
                    "200": {
                        "w": 200,
                        "h": 57
                    },
                    "full": {
                        "h": 285,
                        "w": 1004
                    },
                    "400": {
                        "h": 114,
                        "w": 400
                    },
                    "100": {
                        "h": 28,
                        "w": 100
                    }
                },
                "imgid": "2",
                "normalize": "false",
                "geometry": "1004x285-1113-1536",
                "white_magic": "false",
                "rev": "7"
            },
            "front_fr": {
                "white_magic": "false",
                "rev": "5",
                "normalize": "false",
                "geometry": "2080x2081-620-218",
                "imgid": "1",
                "sizes": {
                    "200": {
                        "w": 200,
                        "h": 200
                    },
                    "full": {
                        "h": 2081,
                        "w": 2080
                    },
                    "400": {
                        "w": 400,
                        "h": 400
                    },
                    "100": {
                        "h": 100,
                        "w": 100
                    }
                }
            }
        },
        "ingredients_text_debug": "Viande et sous-produits animaux (4% veau, 4% dinde), légumes (4% carottes et petits pois), substances minérales, poisson et sous-produit de poisson, sucre.",
        "nucleotides_prev_tags": [
            
        ],
        "traces_tags": [
            
        ],
        "additives_prev_original_tags": [
            
        ],
        "nova_group": 1,
        "last_editor": "psine",
        "lang_debug_tags": [
            
        ],
        "editors_tags": [
            "teolemon",
            "jeanbono",
            "psine",
            "aleene"
        ],
        "minerals_tags": [
            
        ],
        "additives_prev_n": 0,
        "image_url": "https://static.openpetfoodfacts.org/images/products/20106836/front_fr.5.400.jpg",
        "image_ingredients_small_url": "https://static.openpetfoodfacts.org/images/products/20106836/ingredients_fr.7.200.jpg",
        "additives_prev": " [ viande-et-sous-produits-animaux -> fr:viande-et-sous-produits-animaux  ]  [ viande-et-sous-produits -> fr:viande-et-sous-produits  ]  [ viande-et-sous -> fr:viande-et-sous  ]  [ viande-et -> fr:viande-et  ]  [ viande -> fr:viande  ]  [ 4-veau -> fr:4-veau  ]  [ 4 -> en:fd-c  ]  [ 4-dinde -> fr:4-dinde  ]  [ 4 -> en:fd-c  ]  [ legumes -> fr:legumes  ]  [ 4-carottes-et-petits-pois -> fr:4-carottes-et-petits-pois  ]  [ 4-carottes-et-petits -> fr:4-carottes-et-petits  ]  [ 4-carottes-et -> fr:4-carottes-et  ]  [ 4-carottes -> fr:4-carottes  ]  [ 4 -> en:fd-c  ]  [ substances-minerales -> fr:substances-minerales  ]  [ substances -> fr:substances  ]  [ poisson-et-sous-produit-de-poisson -> fr:poisson-et-sous-produit-de-poisson  ]  [ poisson-et-sous-produit-de -> fr:poisson-et-sous-produit-de  ]  [ poisson-et-sous-produit -> fr:poisson-et-sous-produit  ]  [ poisson-et-sous -> fr:poisson-et-sous  ]  [ poisson-et -> fr:poisson-et  ]  [ poisson -> fr:poisson  ]  [ sucre -> fr:sucre  ] ",
        "last_modified_by": "psine",
        "image_ingredients_thumb_url": "https://static.openpetfoodfacts.org/images/products/20106836/ingredients_fr.7.100.jpg",
        "traces_hierarchy": [
            
        ],
        "states": "en:to-be-checked, en:complete, en:nutrition-facts-completed, en:ingredients-completed, en:expiration-date-to-be-completed, en:packaging-code-to-be-completed, en:characteristics-completed, en:categories-completed, en:brands-completed, en:packaging-completed, en:quantity-completed, en:product-name-completed, en:photos-validated, en:photos-uploaded",
        "created_t": 1431769156,
        "nutrient_levels": {
            "fat": "moderate"
        },
        "nutrition_data_prepared_per_debug_tags": [
            
        ],
        "serving_size": "300 g",
        "allergens_from_user": "(fr)",
        "serving_quantity": 300,
        "nutrition_data_prepared_per": "serving",
        "nutrition_grades_tags": [
            "unknown"
        ],
        "image_thumb_url": "https://static.openpetfoodfacts.org/images/products/20106836/front_fr.5.100.jpg",
        "countries_lc": "fr",
        "max_imgid": "2",
        "image_nutrition_url": "https://static.openpetfoodfacts.org/images/products/20106836/nutrition_fr.8.400.jpg",
        "brands_debug_tags": [
            
        ],
        "packaging": "Barquette",
        "packaging_debug_tags": [
            
        ],
        "no_nutrition_data": "on",
        "categories_lc": "fr",
        "product_quantity": 300,
        "lc": "fr",
        "sortkey": 1548496986,
        "nutrition_data": "on",
        "ingredients_that_may_be_from_palm_oil_n": 0,
        "editors": [
            "teolemon",
            "jeanbono"
        ],
        "image_small_url": "https://static.openpetfoodfacts.org/images/products/20106836/front_fr.5.200.jpg",
        "last_image_t": 1490949164,
        "selected_images": {
            "nutrition": {
                "display": {
                    "fr": "https://static.openpetfoodfacts.org/images/products/20106836/nutrition_fr.8.400.jpg"
                },
                "small": {
                    "fr": "https://static.openpetfoodfacts.org/images/products/20106836/nutrition_fr.8.200.jpg"
                },
                "thumb": {
                    "fr": "https://static.openpetfoodfacts.org/images/products/20106836/nutrition_fr.8.100.jpg"
                }
            },
            "front": {
                "thumb": {
                    "fr": "https://static.openpetfoodfacts.org/images/products/20106836/front_fr.5.100.jpg"
                },
                "small": {
                    "fr": "https://static.openpetfoodfacts.org/images/products/20106836/front_fr.5.200.jpg"
                },
                "display": {
                    "fr": "https://static.openpetfoodfacts.org/images/products/20106836/front_fr.5.400.jpg"
                }
            },
            "ingredients": {
                "thumb": {
                    "fr": "https://static.openpetfoodfacts.org/images/products/20106836/ingredients_fr.7.100.jpg"
                },
                "small": {
                    "fr": "https://static.openpetfoodfacts.org/images/products/20106836/ingredients_fr.7.200.jpg"
                },
                "display": {
                    "fr": "https://static.openpetfoodfacts.org/images/products/20106836/ingredients_fr.7.400.jpg"
                }
            }
        },
        "interface_version_created": "20120622",
        "update_key": "key_1548591787",
        "image_front_url": "https://static.openpetfoodfacts.org/images/products/20106836/front_fr.5.400.jpg",
        "categories": "Nourriture pour animaux, Nourriture pour chiens, Pâtées pour chiens",
        "last_modified_t": 1548496986,
        "origins": "",
        "traces_from_ingredients": "",
        "interface_version_modified": "20120622",
        "image_ingredients_url": "https://static.openpetfoodfacts.org/images/products/20106836/ingredients_fr.7.400.jpg",
        "labels_lc": "fr",
        "additives_old_tags": [
            
        ],
        "additives_debug_tags": [
            
        ],
        "categories_debug_tags": [
            "added-en-wet-pet-food",
            "added-en-wet-dog-food",
            "removed-fr-patees-pour-chiens"
        ],
        "checkers_tags": [
            
        ],
        "last_edit_dates_tags": [
            "2019-01-26",
            "2019-01",
            "2019"
        ],
        "nova_groups": 1,
        "ingredients_original_tags": [
            "fr:Viande et sous-produits animaux",
            "fr:légumes",
            "fr:carottes et petits pois",
            "fr:substances minérales",
            "fr:poisson et sous-produit de poisson",
            "fr:sucre",
            "fr:veau",
            "fr:dinde"
        ],
        "countries_tags": [
            "en:france"
        ],
        "vitamins_prev_tags": [
            
        ],
        "nova_group_debug": "",
        "ingredients_text": "Viande et sous-produits animaux (4% veau, 4% dinde), légumes (4% carottes et petits pois), substances minérales, poisson et sous-produit de poisson, sucre.",
        "codes_tags": [
            "code-8",
            "20106836",
            "2010683x",
            "201068xx",
            "20106xxx",
            "2010xxxx",
            "201xxxxx",
            "20xxxxxx",
            "2xxxxxxx"
        ],
        "amino_acids_tags": [
            
        ],
        "manufacturing_places": "",
        "additives_tags": [
            
        ],
        "purchase_places_debug_tags": [
            
        ],
        "labels_debug_tags": [
            
        ],
        "nutrition_data_per": "100g",
        "allergens_debug_tags": [
            
        ],
        "emb_codes": ""
    },
    "status_verbose": "product found",
    "status": 1
}
